--------------------------------------------------------------------------------
Release 8.2i Trace 
Copyright (c) 1995-2006 Xilinx, Inc.  All rights reserved.

C:\ise82\bin\nt\trce.exe -ise
C:/fpgaSmartbrd/v10.02_013007/v10.02/build/smartbrd/smartbrd.ise -intstyle ise
-e 3 -l 3 -s 4 -xml smartbrd smartbrd.ncd -o smartbrd.twr smartbrd.pcf -ucf
C:/fpgaSmartbrd/v10.02_013007/v10.02/src/resource/smartbrd.ucf

Design file:              smartbrd.ncd
Physical constraint file: smartbrd.pcf
Device,speed:             xc3s500e,-4 (PRODUCTION 1.23 2006-05-10)
Report level:             error report

Environment Variable      Effect 
--------------------      ------ 
NONE                      No environment variables were set
--------------------------------------------------------------------------------

INFO:Timing:2752 - To get complete path coverage, use the unconstrained paths 
   option. All paths that are not constrained will be reported in the 
   unconstrained paths section(s) of the report.

================================================================================
Timing constraint: NET "clk_BUFGP/IBUFG" PERIOD = 20 ns HIGH 50%;

 7515 items analyzed, 0 timing errors detected. (0 setup errors, 0 hold errors)
 Minimum period is  13.036ns.
--------------------------------------------------------------------------------


All constraints were met.


Data Sheet report:
-----------------
All values displayed in nanoseconds (ns)

Clock to Setup on destination clock clk
---------------+---------+---------+---------+---------+
               | Src:Rise| Src:Fall| Src:Rise| Src:Fall|
Source Clock   |Dest:Rise|Dest:Rise|Dest:Fall|Dest:Fall|
---------------+---------+---------+---------+---------+
clk            |   13.036|         |         |         |
---------------+---------+---------+---------+---------+


Timing summary:
---------------

Timing errors: 0  Score: 0

Constraints cover 7515 paths, 0 nets, and 1506 connections

Design statistics:
   Minimum period:  13.036ns   (Maximum frequency:  76.711MHz)


Analysis completed Thu Feb 22 16:29:40 2007
--------------------------------------------------------------------------------

Trace Settings:
-------------------------
Trace Settings 

Peak Memory Usage: 132 MB



